2025-11-19 22:18:48,518 INFO Loaded linear_svc_model.joblib
2025-11-19 22:18:48,519 INFO Loaded sgd_svm_model.joblib
2025-11-19 22:18:48,519 INFO Loaded artifacts. Feature length = 200. Models loaded: linear_svc, sgd_svm
2025-11-19 22:18:48,519 INFO label_encoder.pkl not found; using fallback labels: ['class_0', 'class_1']
2025-11-19 22:29:42,040 INFO Incoming predict request from 127.0.0.1 sample_id=sample_001
2025-11-19 22:29:42,042 INFO Prediction result: {"timestamp": 1763571582.0425625, "sample_id": "sample_001", "client": "127.0.0.1", "combined_risk": 0.9395634827114914, "models": [{"name": "linear_svc", "risk": 0.8791269654229827, "pred": "class_1"}, {"name": "sgd_svm", "risk": 1.0, "pred": "class_1"}]}
2025-11-19 22:41:20,847 INFO Incoming predict request from 127.0.0.1 sample_id=None
2025-11-19 22:41:20,849 INFO Prediction result: {"timestamp": 1763572280.8496203, "sample_id": null, "client": "127.0.0.1", "combined_risk": 0.9715309436882547, "models": [{"name": "linear_svc", "risk": 0.9430618873765093, "pred": "class_1"}, {"name": "sgd_svm", "risk": 1.0, "pred": "class_1"}]}
2025-11-19 22:42:59,206 INFO Incoming predict request from 127.0.0.1 sample_id=None
2025-11-19 22:42:59,208 INFO Prediction result: {"timestamp": 1763572379.207962, "sample_id": null, "client": "127.0.0.1", "combined_risk": 0.9395634827114914, "models": [{"name": "linear_svc", "risk": 0.8791269654229827, "pred": "class_1"}, {"name": "sgd_svm", "risk": 1.0, "pred": "class_1"}]}
2025-11-19 22:44:50,859 INFO Incoming predict request from 127.0.0.1 sample_id=None
2025-11-19 22:44:50,860 INFO Prediction result: {"timestamp": 1763572490.860504, "sample_id": null, "client": "127.0.0.1", "combined_risk": 0.9395634827114914, "models": [{"name": "linear_svc", "risk": 0.8791269654229827, "pred": "class_1"}, {"name": "sgd_svm", "risk": 1.0, "pred": "class_1"}]}
2025-11-19 22:45:45,726 INFO Loaded linear_svc_model.joblib
2025-11-19 22:45:45,727 INFO Loaded sgd_svm_model.joblib
2025-11-19 22:45:45,727 INFO Loaded artifacts. Feature length = 200. Models loaded: linear_svc, sgd_svm
2025-11-19 22:45:45,727 INFO label_encoder.pkl not found; using fallback labels: ['class_0', 'class_1']
2025-11-19 22:45:56,315 INFO Incoming predict request from 127.0.0.1
2025-11-19 22:45:56,316 INFO Prediction result: {"timestamp": 1763572556.3167853, "client": "127.0.0.1", "risk_percent": 93.95634827114914, "will_relapse": true}
2025-11-20 13:33:02,786 INFO Loaded linear_svc_model.joblib
2025-11-20 13:33:02,788 INFO Loaded sgd_svm_model.joblib
2025-11-20 13:33:02,788 INFO Loaded artifacts. Feature length = 200. Models loaded: linear_svc, sgd_svm
2025-11-20 13:33:02,788 INFO label_encoder.pkl not found; using fallback labels: ['class_0', 'class_1']
2025-11-20 13:33:13,750 INFO Incoming predict request from 127.0.0.1
2025-11-20 13:33:13,751 INFO Prediction result: {"timestamp": 1763625793.7517262, "client": "127.0.0.1", "risk_percent": 94.74928092603302, "will_relapse": true}
2025-11-20 14:01:38,172 INFO Loaded linear_svc_model.joblib
2025-11-20 14:01:38,174 INFO Loaded sgd_svm_model.joblib
2025-11-20 14:01:38,174 INFO Loaded artifacts. Feature length = 200. Models loaded: linear_svc, sgd_svm
2025-11-20 14:01:38,174 INFO label_encoder.pkl not found; using fallback labels: ['class_0', 'class_1']
2025-11-20 15:03:15,623 INFO Loaded linear_svc_model.joblib
2025-11-20 15:03:15,625 INFO Loaded sgd_svm_model.joblib
2025-11-20 15:03:15,625 INFO Loaded artifacts. Feature length = 200. Models loaded: linear_svc, sgd_svm
2025-11-20 15:03:15,625 INFO label_encoder.pkl not found; using fallback labels: ['class_0', 'class_1']
2025-11-20 15:05:43,084 INFO Incoming predict request from 127.0.0.1
2025-11-20 15:05:43,088 INFO Prediction result: {"timestamp": 1763631343.088503, "client": "127.0.0.1", "risk_percent": 18.11285240210301, "will_relapse": false}
2025-11-22 21:27:50,348 INFO Loaded linear_svc_model.joblib
2025-11-22 21:27:50,349 INFO Loaded sgd_svm_model.joblib
2025-11-22 21:27:50,349 INFO Loaded artifacts. Feature length = 200. Models loaded: linear_svc, sgd_svm
2025-11-22 21:27:50,350 INFO label_encoder.pkl not found; using fallback labels: ['class_0', 'class_1']
2025-11-22 21:35:20,376 INFO Loaded linear_svc_model.joblib
2025-11-22 21:35:20,377 INFO Loaded sgd_svm_model.joblib
2025-11-22 21:35:20,377 INFO Loaded artifacts. Feature length = 200. Models loaded: linear_svc, sgd_svm
2025-11-22 21:35:20,377 INFO label_encoder.pkl not found; using fallback labels: ['class_0', 'class_1']
2025-11-22 21:38:06,431 INFO Loaded linear_svc_model.joblib
2025-11-22 21:38:06,432 INFO Loaded sgd_svm_model.joblib
2025-11-22 21:38:06,432 INFO Loaded artifacts. Feature length = 200. Models loaded: linear_svc, sgd_svm
2025-11-22 21:38:06,432 INFO label_encoder.pkl not found; using fallback labels: ['class_0', 'class_1']
2025-11-22 21:38:49,235 INFO Incoming predict request from 127.0.0.1
2025-11-22 21:38:49,245 INFO Prediction result: {"timestamp": 1763827729.2451599, "client": "127.0.0.1", "risk_percent": 13.447106149454715, "will_relapse": false}
2025-11-22 21:41:18,202 INFO Loaded linear_svc_model.joblib
2025-11-22 21:41:18,204 INFO Loaded sgd_svm_model.joblib
2025-11-22 21:41:18,204 INFO Loaded artifacts. Feature length = 200. Models loaded: linear_svc, sgd_svm
2025-11-22 21:41:18,205 INFO label_encoder.pkl not found; using fallback labels: ['class_0', 'class_1']
2025-11-22 21:41:40,968 INFO Incoming predict request from 127.0.0.1
2025-11-22 21:41:40,971 INFO Prediction result: {"timestamp": 1763827900.971157, "client": "127.0.0.1", "risk_percent": 13.447106149454715, "will_relapse": false}
2025-11-22 21:41:56,480 INFO Incoming predict request from 127.0.0.1
2025-11-22 21:41:56,483 INFO Prediction result: {"timestamp": 1763827916.4833045, "client": "127.0.0.1", "risk_percent": 13.447106149454715, "will_relapse": false}
2025-11-22 21:43:56,736 INFO Loaded linear_svc_model.joblib
2025-11-22 21:43:56,737 INFO Loaded sgd_svm_model.joblib
2025-11-22 21:43:56,737 INFO Loaded artifacts. Feature length = 200. Models loaded: linear_svc, sgd_svm
2025-11-22 21:43:56,737 INFO label_encoder.pkl not found; using fallback labels: ['class_0', 'class_1']
2025-11-22 21:44:28,362 INFO Incoming predict request from 127.0.0.1
2025-11-22 21:44:28,366 INFO Prediction result: {"timestamp": 1763828068.3658946, "client": "127.0.0.1", "risk_percent": 13.447106149454715, "will_relapse": false}
2025-11-22 21:46:03,773 INFO Loaded linear_svc_model.joblib
2025-11-22 21:46:03,774 INFO Loaded sgd_svm_model.joblib
2025-11-22 21:46:03,774 INFO Loaded artifacts. Feature length = 200. Models loaded: linear_svc, sgd_svm
2025-11-22 21:46:03,775 INFO label_encoder.pkl not found; using fallback labels: ['class_0', 'class_1']
2025-11-22 21:46:22,796 INFO Incoming predict request from 127.0.0.1
2025-11-22 21:46:22,799 INFO Prediction result: {"timestamp": 1763828182.798995, "client": "127.0.0.1", "risk_percent": 13.447106149454715, "will_relapse": false}
2025-11-22 22:10:02,931 INFO Loaded linear_svc_model.joblib
2025-11-22 22:10:02,932 INFO Loaded sgd_svm_model.joblib
2025-11-22 22:10:02,932 INFO Loaded artifacts. Feature length = 200. Models loaded: linear_svc, sgd_svm
2025-11-22 22:10:02,932 INFO label_encoder.pkl not found; using fallback labels: ['class_0', 'class_1']
2025-11-22 22:24:34,323 INFO Loaded linear_svc_model.joblib
2025-11-22 22:24:34,324 INFO Loaded sgd_svm_model.joblib
2025-11-22 22:24:34,324 INFO Loaded artifacts. Feature length = 200. Models loaded: linear_svc, sgd_svm
2025-11-22 22:24:34,324 INFO label_encoder.pkl not found; using fallback labels: ['class_0', 'class_1']
2025-11-22 22:26:48,852 INFO Prediction result: {"timestamp": 1763830608.8520424, "client": "csv_upload", "risk_percent": 13.447106149454715, "will_relapse": false}
2025-11-22 22:28:43,053 INFO Loaded linear_svc_model.joblib
2025-11-22 22:28:43,054 INFO Loaded sgd_svm_model.joblib
2025-11-22 22:28:43,054 INFO Loaded artifacts. Feature length = 200. Models loaded: linear_svc, sgd_svm
2025-11-22 22:28:43,054 INFO label_encoder.pkl not found; using fallback labels: ['class_0', 'class_1']
2025-11-22 22:29:21,863 INFO Prediction result: {"timestamp": 1763830761.8638349, "client": "csv_upload", "risk_percent": 13.447106149454715, "will_relapse": false}
2025-11-22 22:30:36,360 INFO Loaded linear_svc_model.joblib
2025-11-22 22:30:36,361 INFO Loaded sgd_svm_model.joblib
2025-11-22 22:30:36,361 INFO Loaded artifacts. Feature length = 200. Models loaded: linear_svc, sgd_svm
2025-11-22 22:30:36,361 INFO label_encoder.pkl not found; using fallback labels: ['class_0', 'class_1']
2025-11-22 22:30:58,337 INFO Prediction result: {"timestamp": 1763830858.3375046, "client": "csv_upload", "risk_percent": 13.447106149454715, "will_relapse": false}
2025-11-22 22:34:12,935 INFO Loaded linear_svc_model.joblib
2025-11-22 22:34:12,937 INFO Loaded sgd_svm_model.joblib
2025-11-22 22:34:12,937 INFO Loaded artifacts. Feature length = 200. Models loaded: linear_svc, sgd_svm
2025-11-22 22:34:12,937 INFO label_encoder.pkl not found; using fallback labels: ['class_0', 'class_1']
2025-11-22 22:40:16,168 INFO Prediction result: {"timestamp": 1763831416.1679103, "client": "csv_upload", "risk_percent": 13.447106149454715, "will_relapse": false}
2025-11-22 22:41:45,310 INFO Prediction result: {"timestamp": 1763831505.3107393, "client": "csv_upload", "risk_percent": 13.447106149454715, "will_relapse": false}
2025-11-22 22:44:14,988 INFO Prediction result: {"timestamp": 1763831654.9880364, "client": "csv_upload", "risk_percent": 13.447106149454715, "will_relapse": false}
2025-11-22 22:51:02,571 INFO Prediction result: {"timestamp": 1763832062.5713646, "client": "csv_upload", "risk_percent": 13.447106149454715, "will_relapse": false}
2025-11-22 22:54:10,741 INFO Prediction result: {"timestamp": 1763832250.7417486, "client": "csv_upload", "risk_percent": 13.447106149454715, "will_relapse": false}
2025-11-22 22:54:30,129 INFO Prediction result: {"timestamp": 1763832270.129121, "client": "csv_upload", "risk_percent": 13.447106149454715, "will_relapse": false}
2025-11-22 23:05:29,647 INFO Prediction result: {"timestamp": 1763832929.6476622, "client": "csv_upload", "risk_percent": 13.447106149454715, "will_relapse": false}
2025-11-22 23:06:10,628 INFO Prediction result: {"timestamp": 1763832970.6282616, "client": "csv_upload", "risk_percent": 13.447106149454715, "will_relapse": false}
2025-11-22 23:06:56,355 INFO Prediction result: {"timestamp": 1763833016.3549302, "client": "csv_upload", "risk_percent": 13.447106149454715, "will_relapse": false}
2025-11-22 23:07:52,336 INFO Prediction result: {"timestamp": 1763833072.3360374, "client": "csv_upload", "risk_percent": 13.447106149454715, "will_relapse": false}
2025-11-22 23:11:23,877 INFO Prediction result: {"timestamp": 1763833283.8771777, "client": "csv_upload", "risk_percent": 13.447106149454715, "will_relapse": false}
2025-11-22 23:11:59,271 INFO Prediction result: {"timestamp": 1763833319.2709827, "client": "csv_upload", "risk_percent": 13.447106149454715, "will_relapse": false}
2025-11-22 23:14:43,677 INFO Prediction result: {"timestamp": 1763833483.6777215, "client": "csv_upload", "risk_percent": 13.447106149454715, "will_relapse": false}
2025-11-22 23:14:49,623 INFO Prediction result: {"timestamp": 1763833489.6234224, "client": "csv_upload", "risk_percent": 13.447106149454715, "will_relapse": false}
2025-11-22 23:14:57,438 INFO Prediction result: {"timestamp": 1763833497.4386795, "client": "csv_upload", "risk_percent": 13.447106149454715, "will_relapse": false}
2025-11-22 23:19:26,970 INFO Prediction result: {"timestamp": 1763833766.9699504, "client": "csv_upload", "risk_percent": 13.447119100928223, "will_relapse": false}
2025-11-22 23:19:40,857 INFO Prediction result: {"timestamp": 1763833780.8571804, "client": "csv_upload", "risk_percent": 13.447119100928223, "will_relapse": false}
2025-11-22 23:22:02,227 INFO Prediction result: {"timestamp": 1763833922.227236, "client": "csv_upload", "risk_percent": 90.21894695194706, "will_relapse": true}
2025-11-22 23:22:14,556 INFO Prediction result: {"timestamp": 1763833934.556703, "client": "csv_upload", "risk_percent": 13.447119100928223, "will_relapse": false}
2025-11-22 23:23:53,276 INFO Prediction result: {"timestamp": 1763834033.276133, "client": "csv_upload", "risk_percent": 13.447106149454715, "will_relapse": false}
2025-11-22 23:32:52,514 INFO Prediction result: {"timestamp": 1763834572.5142136, "client": "csv_upload", "risk_percent": 13.447106149454715, "will_relapse": false}
2025-11-22 23:33:00,035 INFO Prediction result: {"timestamp": 1763834580.035519, "client": "csv_upload", "risk_percent": 13.447106149454715, "will_relapse": false}
2025-11-22 23:41:17,098 INFO Prediction result: {"timestamp": 1763835077.0981576, "client": "csv_upload", "risk_percent": 13.447106149454715, "will_relapse": false}
2025-11-22 23:44:59,373 INFO Prediction result: {"timestamp": 1763835299.3738637, "client": "csv_upload", "risk_percent": 13.447106149454715, "will_relapse": false}
2025-11-22 23:47:23,298 INFO Prediction result: {"timestamp": 1763835443.2987645, "client": "csv_upload", "risk_percent": 13.447106149454715, "will_relapse": false}
2025-11-22 23:51:58,078 INFO Prediction result: {"timestamp": 1763835718.0782292, "client": "csv_upload", "risk_percent": 90.21894695194706, "will_relapse": true}
2025-11-23 01:40:19,437 INFO Loaded linear_svc_model.joblib
2025-11-23 01:40:19,437 INFO Loaded sgd_svm_model.joblib
2025-11-23 01:40:19,437 INFO Loaded artifacts. Feature length = 200. Models loaded: linear_svc, sgd_svm
2025-11-23 01:40:19,437 INFO label_encoder.pkl not found; using fallback labels: ['class_0', 'class_1']
2025-11-23 01:43:20,409 INFO Prediction result: {"timestamp": 1763842400.4091303, "client": "csv_upload", "risk_percent": 13.447106149454715, "will_relapse": false}
